<?xml version="1.0" encoding="UTF-8"?>
<testsuite xmlns:xsi="http://www.w3.org/2001/XMLSchema-instance" xsi:noNamespaceSchemaLocation="https://maven.apache.org/surefire/maven-surefire-plugin/xsd/surefire-test-report.xsd" version="3.0.2" name="pro.jeti.athenapress.repository.ArticleRepositoryTest" time="0.185" tests="1" errors="0" skipped="0" failures="0">
  <properties>
[...]
</properties>
  <testcase name="shouldReadExistingArticles" classname="pro.jeti.athenapress.repository.ArticleRepositoryTest" time="0.173"/>
</testsuite>